<?xml version="1.0" encoding="UTF-8"?>
<testsuite name="calculator.operations.AdditionTest" tests="1" skipped="0" failures="0" errors="0" timestamp="2020-03-08T05:16:58" hostname="CityGig" time="0.003">
  <properties/>
  <testcase name="doOperation" classname="calculator.operations.AdditionTest" time="0.003"/>
  <system-out><![CDATA[]]></system-out>
  <system-err><![CDATA[]]></system-err>
</testsuite>
