<?xml version="1.0" encoding="UTF-8"?>
<testsuite name="calculator.operations.ContextTest" tests="3" skipped="0" failures="0" errors="0" timestamp="2020-03-08T05:16:58" hostname="CityGig" time="0.0">
  <properties/>
  <testcase name="setVariable" classname="calculator.operations.ContextTest" time="0.0"/>
  <testcase name="getStackSize" classname="calculator.operations.ContextTest" time="0.0"/>
  <testcase name="getValue" classname="calculator.operations.ContextTest" time="0.0"/>
  <system-out><![CDATA[]]></system-out>
  <system-err><![CDATA[]]></system-err>
</testsuite>
